<?xml version="1.0" encoding="UTF-8"?>
<testsuite xmlns:xsi="http://www.w3.org/2001/XMLSchema-instance" xsi:noNamespaceSchemaLocation="https://maven.apache.org/surefire/maven-surefire-plugin/xsd/surefire-test-report.xsd" name="school.sptech.projeto1.heranca.ProdutoInternacionalTest" time="0.022" tests="7" errors="0" skipped="0" failures="0">
  <properties>
[...]
</properties>
  <testcase name="getIdQuandoAcionadoDeveRetornarOValorDoId" classname="school.sptech.projeto1.heranca.ProdutoInternacionalTest" time="0.013"/>
  <testcase name="getPrecoQuandoAcionadoDeveRetornarOValorDoPreco" classname="school.sptech.projeto1.heranca.ProdutoInternacionalTest" time="0"/>
  <testcase name="getPrecoQuandoAcionadoEProdutoPossuiValor499999DeveRetornar799998" classname="school.sptech.projeto1.heranca.ProdutoInternacionalTest" time="0"/>
  <testcase name="getNomeQuandoAcionadoDeveRetornarOValorDoNome" classname="school.sptech.projeto1.heranca.ProdutoInternacionalTest" time="0.001"/>
  <testcase name="getCategoriaQuandoAcionadoDeveRetornarOValorDaCategoria" classname="school.sptech.projeto1.heranca.ProdutoInternacionalTest" time="0"/>
  <testcase name="getPrecoQuandoAcionadoEProdutoPossuiValor0DeveRetornar0" classname="school.sptech.projeto1.heranca.ProdutoInternacionalTest" time="0.001"/>
  <testcase name="objetoProdutoInternacionalDeveSerHerdeiraDeProduto" classname="school.sptech.projeto1.heranca.ProdutoInternacionalTest" time="0"/>
</testsuite>